2026-03-10 15:15:51,102 - INFO - Archivo cargado: Correos.xlsx
2026-03-10 16:55:20,100 - INFO - Archivo cargado: Correos.xlsx
2026-03-10 16:55:32,429 - INFO - --- INICIANDO ENVÍO MASIVO ---
2026-03-10 16:55:32,462 - ERROR - Error con negocios@partnertech.pe: name 'resource_path' is not defined
2026-03-10 16:55:32,469 - INFO - FALLÓ: negocios@partnertech.pe
2026-03-10 16:55:32,471 - INFO - Esperando 10.22s...
2026-03-10 16:55:42,699 - ERROR - Error con acardozo@partnertech.pe: name 'resource_path' is not defined
2026-03-10 16:55:42,709 - INFO - FALLÓ: acardozo@partnertech.pe
2026-03-10 16:55:42,719 - INFO - --- PROCESO FINALIZADO ---
2026-03-10 16:55:46,611 - INFO - --- INICIANDO ENVÍO MASIVO ---
2026-03-10 16:55:46,624 - ERROR - Error con negocios@partnertech.pe: name 'resource_path' is not defined
2026-03-10 16:55:46,634 - INFO - FALLÓ: negocios@partnertech.pe
2026-03-10 16:55:46,639 - INFO - Esperando 11.34s...
2026-03-10 16:55:57,986 - ERROR - Error con acardozo@partnertech.pe: name 'resource_path' is not defined
2026-03-10 16:55:57,996 - INFO - FALLÓ: acardozo@partnertech.pe
2026-03-10 16:55:58,005 - INFO - --- PROCESO FINALIZADO ---
2026-03-10 17:00:42,530 - INFO - Archivo cargado: Correos.xlsx
2026-03-10 17:00:49,426 - INFO - --- INICIANDO ENVÍO MASIVO ---
2026-03-10 17:00:50,340 - ERROR - Error con negocios@partnertech.pe: [SSL: CERTIFICATE_VERIFY_FAILED] certificate verify failed: Basic Constraints of CA cert not marked critical (_ssl.c:1081)
2026-03-10 17:00:50,349 - INFO - FALLÓ: negocios@partnertech.pe
2026-03-10 17:00:50,353 - INFO - Esperando 11.56s...
2026-03-10 17:01:02,181 - ERROR - Error con acardozo@partnertech.pe: [SSL: CERTIFICATE_VERIFY_FAILED] certificate verify failed: Basic Constraints of CA cert not marked critical (_ssl.c:1081)
2026-03-10 17:01:02,191 - INFO - FALLÓ: acardozo@partnertech.pe
2026-03-10 17:01:02,195 - INFO - --- PROCESO FINALIZADO ---
2026-03-10 17:01:04,854 - INFO - --- INICIANDO ENVÍO MASIVO ---
2026-03-10 17:01:05,112 - ERROR - Error con negocios@partnertech.pe: [SSL: CERTIFICATE_VERIFY_FAILED] certificate verify failed: Basic Constraints of CA cert not marked critical (_ssl.c:1081)
2026-03-10 17:01:05,121 - INFO - FALLÓ: negocios@partnertech.pe
2026-03-10 17:01:05,125 - INFO - Esperando 11.61s...
2026-03-10 17:01:17,021 - ERROR - Error con acardozo@partnertech.pe: [SSL: CERTIFICATE_VERIFY_FAILED] certificate verify failed: Basic Constraints of CA cert not marked critical (_ssl.c:1081)
2026-03-10 17:01:17,032 - INFO - FALLÓ: acardozo@partnertech.pe
2026-03-10 17:01:17,040 - INFO - --- PROCESO FINALIZADO ---
2026-03-10 17:03:24,668 - INFO - Archivo cargado: Correos.xlsx
2026-03-10 17:03:25,681 - INFO - --- INICIANDO ENVÍO MASIVO ---
2026-03-10 17:03:27,436 - INFO - OK: negocios@partnertech.pe
2026-03-10 17:03:27,444 - INFO - Esperando 13.01s...
2026-03-10 17:03:42,070 - INFO - OK: acardozo@partnertech.pe
2026-03-10 17:03:42,077 - INFO - --- PROCESO FINALIZADO ---
2026-03-10 17:08:09,486 - INFO - --- INICIANDO ENVÍO MASIVO ---
2026-03-10 17:08:11,073 - INFO - OK: negocios@partnertech.pe
2026-03-10 17:08:11,079 - INFO - Esperando 11.58s...
2026-03-10 17:08:24,097 - INFO - OK: acardozo@partnertech.pe
2026-03-10 17:08:24,108 - INFO - --- PROCESO FINALIZADO ---
2026-03-10 17:08:27,415 - INFO - --- INICIANDO ENVÍO MASIVO ---
2026-03-10 17:08:29,047 - INFO - OK: negocios@partnertech.pe
2026-03-10 17:08:29,056 - INFO - Esperando 11.99s...
2026-03-10 17:08:42,554 - INFO - OK: acardozo@partnertech.pe
2026-03-10 17:08:42,565 - INFO - --- PROCESO FINALIZADO ---
2026-03-10 17:08:48,269 - INFO - --- INICIANDO ENVÍO MASIVO ---
2026-03-10 17:08:49,754 - INFO - OK: negocios@partnertech.pe
2026-03-10 17:08:49,759 - INFO - Esperando 10.25s...
2026-03-10 17:09:01,500 - INFO - OK: acardozo@partnertech.pe
2026-03-10 17:09:01,508 - INFO - --- PROCESO FINALIZADO ---
2026-03-10 17:09:05,400 - INFO - --- INICIANDO ENVÍO MASIVO ---
2026-03-10 17:09:07,061 - INFO - OK: negocios@partnertech.pe
2026-03-10 17:09:07,069 - INFO - Esperando 13.07s...
2026-03-10 17:09:21,665 - INFO - OK: acardozo@partnertech.pe
2026-03-10 17:09:21,671 - INFO - --- PROCESO FINALIZADO ---
2026-03-10 17:16:19,480 - INFO - Archivo cargado: Correos.xlsx
2026-03-10 17:29:58,503 - INFO - Archivo cargado: Correos.xlsx
2026-03-10 17:30:00,026 - INFO - --- INICIANDO ENVÍO MASIVO ---
2026-03-10 17:30:01,667 - INFO - OK: negocios@partnertech.pe
2026-03-10 17:30:01,676 - INFO - Esperando 14.60s...
2026-03-10 17:30:17,714 - INFO - OK: acardozo@partnertech.pe
2026-03-10 17:30:17,715 - INFO - --- PROCESO FINALIZADO ---
2026-03-11 09:55:22,684 - INFO - Archivo cargado: Correos.xlsx
2026-03-11 09:55:26,370 - INFO - Archivo cargado: Correos.xlsx
2026-03-11 09:55:30,047 - INFO - --- INICIANDO ENVÍO MASIVO ---
2026-03-11 09:55:32,555 - INFO - OK: negocios@partnertech.pe
2026-03-11 09:55:32,561 - INFO - Esperando 10.76s...
2026-03-11 09:55:44,803 - INFO - OK: acardozo@partnertech.pe
2026-03-11 09:55:44,809 - INFO - --- PROCESO FINALIZADO ---
2026-03-11 09:55:49,586 - INFO - --- INICIANDO ENVÍO MASIVO ---
2026-03-11 09:55:51,048 - INFO - OK: negocios@partnertech.pe
2026-03-11 09:55:51,056 - INFO - Esperando 11.78s...
2026-03-11 09:56:04,310 - INFO - OK: acardozo@partnertech.pe
2026-03-11 09:56:04,315 - INFO - --- PROCESO FINALIZADO ---
2026-03-11 11:27:26,060 - INFO - Archivo cargado: Correos.xlsx
2026-03-11 11:27:37,176 - INFO - --- INICIANDO ENVÍO MASIVO ---
2026-03-11 11:27:38,817 - INFO - OK: negocios@partnertech.pe
2026-03-11 11:27:38,821 - INFO - Esperando 13.39s...
2026-03-11 11:27:53,577 - INFO - OK: acardozo@partnertech.pe
2026-03-11 11:27:53,585 - INFO - --- PROCESO FINALIZADO ---
2026-03-11 15:19:17,242 - INFO - Archivo cargado: Correos.xlsx
2026-03-11 15:19:19,661 - INFO - --- INICIANDO ENVÍO MASIVO ---
2026-03-11 15:19:21,517 - INFO - OK: negocios@partnertech.pe
2026-03-11 15:19:21,526 - INFO - Esperando 12.29s...
2026-03-11 15:19:35,201 - INFO - OK: acardozo@partnertech.pe
2026-03-11 15:19:35,208 - INFO - --- PROCESO FINALIZADO ---
2026-03-11 15:19:51,624 - INFO - --- INICIANDO ENVÍO MASIVO ---
2026-03-11 15:19:52,964 - INFO - OK: negocios@partnertech.pe
2026-03-11 15:19:52,973 - INFO - Esperando 10.43s...
2026-03-11 15:20:04,772 - INFO - OK: acardozo@partnertech.pe
2026-03-11 15:20:04,777 - INFO - --- PROCESO FINALIZADO ---
2026-03-11 15:20:12,257 - INFO - --- INICIANDO ENVÍO MASIVO ---
2026-03-11 15:20:13,605 - INFO - OK: negocios@partnertech.pe
2026-03-11 15:20:13,610 - INFO - Esperando 12.54s...
2026-03-11 15:20:27,514 - INFO - OK: acardozo@partnertech.pe
2026-03-11 15:20:27,520 - INFO - --- PROCESO FINALIZADO ---
2026-03-11 15:20:34,294 - INFO - --- INICIANDO ENVÍO MASIVO ---
2026-03-11 15:20:35,727 - INFO - OK: negocios@partnertech.pe
2026-03-11 15:20:35,732 - INFO - Esperando 12.10s...
2026-03-11 15:20:49,236 - INFO - OK: acardozo@partnertech.pe
2026-03-11 15:20:49,243 - INFO - --- PROCESO FINALIZADO ---
2026-03-11 15:21:07,432 - INFO - --- INICIANDO ENVÍO MASIVO ---
2026-03-11 15:21:08,685 - INFO - OK: negocios@partnertech.pe
2026-03-11 15:21:08,690 - INFO - Esperando 11.81s...
2026-03-11 15:21:21,739 - INFO - OK: acardozo@partnertech.pe
2026-03-11 15:21:21,747 - INFO - --- PROCESO FINALIZADO ---
2026-03-11 15:21:31,577 - INFO - --- INICIANDO ENVÍO MASIVO ---
2026-03-11 15:21:32,967 - INFO - OK: negocios@partnertech.pe
2026-03-11 15:21:32,973 - INFO - Esperando 14.56s...
2026-03-11 15:21:48,915 - INFO - OK: acardozo@partnertech.pe
2026-03-11 15:21:48,922 - INFO - --- PROCESO FINALIZADO ---
2026-03-11 16:37:32,869 - INFO - Archivo cargado: Correos.xlsx
2026-03-11 16:46:31,804 - INFO - Archivo cargado: Correos.xlsx
2026-03-11 16:46:43,005 - INFO - --- INICIANDO ENVÍO MASIVO ---
2026-03-11 16:46:44,718 - INFO - OK: fguerrero@partnertech.pe
2026-03-11 16:46:44,722 - INFO - --- PROCESO FINALIZADO ---
2026-03-11 17:04:47,701 - INFO - Archivo cargado: Correos.xlsx
2026-03-11 17:04:49,124 - INFO - --- INICIANDO ENVÍO MASIVO ---
2026-03-11 17:04:50,931 - INFO - OK: fguerrero@partnertech.pe
2026-03-11 17:04:50,932 - INFO - --- PROCESO FINALIZADO ---
2026-03-11 17:08:09,446 - INFO - Archivo cargado: Correos.xlsx
2026-03-11 17:41:44,528 - INFO - --- INICIANDO PRUEBAS PARA: fguerrero@partnertech.pe ---
2026-03-11 17:41:46,422 - INFO - Prueba correo_ejemplo.html: OK
2026-03-11 17:41:49,860 - INFO - Prueba correo_infrasys_v1_excel.html: OK
2026-03-11 17:41:53,290 - INFO - Prueba correo_infrasys_v2_visibilidad.html: OK
2026-03-11 17:41:56,767 - INFO - Prueba correo_infrasys_v3_presupuestos.html: OK
2026-03-11 17:42:00,251 - INFO - Prueba correo_infrasys_v4_narrativa.html: OK
2026-03-11 17:42:03,906 - INFO - Prueba correo_infrasys_v5_corto.html: OK
2026-03-11 17:42:07,318 - INFO - Prueba correo_infrasys_v6_directo.html: OK
2026-03-11 17:42:10,787 - INFO - Prueba correo_infrasys_v7_branding.html: OK
2026-03-11 17:42:12,796 - INFO - --- PRUEBAS FINALIZADAS ---
2026-03-11 17:56:51,477 - INFO - --- INICIANDO PRUEBAS PARA: fguerrero@partnertech.pe ---
2026-03-11 17:56:53,303 - INFO - Prueba correo_infrasys_v1_excel.html: OK
2026-03-11 17:56:53,304 - INFO - Esperando 11.26s para siguiente prueba...
2026-03-11 17:57:07,341 - INFO - Prueba correo_infrasys_v2_visibilidad.html: OK
2026-03-11 17:57:07,342 - INFO - Esperando 11.12s para siguiente prueba...
2026-03-11 17:57:20,490 - INFO - Prueba correo_infrasys_v3_presupuestos.html: OK
2026-03-11 17:57:20,490 - INFO - Esperando 13.34s para siguiente prueba...
2026-03-11 17:57:35,510 - INFO - Prueba correo_infrasys_v4_narrativa.html: OK
2026-03-11 17:57:35,511 - INFO - Esperando 13.15s para siguiente prueba...
2026-03-11 17:57:50,646 - INFO - Prueba correo_infrasys_v5_corto.html: OK
2026-03-11 17:57:50,648 - INFO - Esperando 12.63s para siguiente prueba...
2026-03-11 17:58:05,191 - INFO - Prueba correo_infrasys_v6_directo.html: OK
2026-03-11 17:58:05,193 - INFO - Esperando 10.33s para siguiente prueba...
2026-03-11 17:58:17,272 - INFO - Prueba correo_infrasys_v7_branding.html: OK
2026-03-11 17:58:17,275 - INFO - --- PRUEBAS FINALIZADAS ---
2026-03-12 09:28:19,095 - INFO - Archivo cargado: Correos.xlsx
2026-03-12 09:29:19,188 - INFO - Archivo cargado: Correos.xlsx
2026-03-12 09:29:25,151 - INFO - --- INICIANDO ENVÍO MASIVO ---
2026-03-12 09:29:27,557 - INFO - OK (correo_infrasys_v1_excel.html): fguerrero@partnertech.pe
2026-03-12 09:29:27,565 - INFO - Esperando 10.48s...
2026-03-12 09:29:39,622 - INFO - OK (correo_infrasys_v2_visibilidad.html): negocios@partnertech.pe
2026-03-12 09:29:39,628 - INFO - Esperando 10.95s...
2026-03-12 09:29:52,195 - INFO - OK (correo_infrasys_v1_excel.html): fguerrero@partnertech.pe
2026-03-12 09:29:52,201 - INFO - Esperando 14.76s...
2026-03-12 09:30:08,528 - INFO - OK (correo_infrasys_v2_visibilidad.html): fguerrero@partnertech.pe
2026-03-12 09:30:08,537 - INFO - Esperando 11.09s...
2026-03-12 09:30:21,199 - INFO - OK (correo_infrasys_v1_excel.html): fguerrero@partnertech.pe
2026-03-12 09:30:21,200 - INFO - Esperando 12.26s...
2026-03-12 09:30:35,296 - INFO - OK (correo_infrasys_v2_visibilidad.html): negocios@partnertech.pe
2026-03-12 09:30:35,308 - INFO - Esperando 14.98s...
2026-03-12 09:30:51,846 - INFO - OK (correo_infrasys_v1_excel.html): negocios@partnertech.pe
2026-03-12 09:30:51,851 - INFO - --- PROCESO FINALIZADO ---
2026-03-12 09:33:37,025 - INFO - --- INICIANDO ENVÍO MASIVO ---
2026-03-12 09:33:38,673 - INFO - OK (correo_infrasys_v1_excel.html): fguerrero@partnertech.pe
2026-03-12 09:33:38,678 - INFO - Esperando 13.57s...
2026-03-12 09:33:53,813 - INFO - OK (correo_infrasys_v2_visibilidad.html): negocios@partnertech.pe
2026-03-12 09:33:53,820 - INFO - Esperando 12.42s...
2026-03-12 09:34:07,818 - INFO - OK (correo_infrasys_v7_branding.html): fguerrero@partnertech.pe
2026-03-12 09:34:07,830 - INFO - Esperando 10.81s...
2026-03-12 09:34:20,215 - INFO - OK (correo_infrasys_v1_excel.html): fguerrero@partnertech.pe
2026-03-12 09:34:20,219 - INFO - Esperando 12.08s...
2026-03-12 09:34:33,835 - INFO - OK (correo_infrasys_v2_visibilidad.html): fguerrero@partnertech.pe
2026-03-12 09:34:33,840 - INFO - Esperando 11.14s...
2026-03-12 09:34:46,528 - INFO - OK (correo_infrasys_v7_branding.html): negocios@partnertech.pe
2026-03-12 09:34:46,534 - INFO - Esperando 13.36s...
2026-03-12 09:35:01,335 - INFO - OK (correo_infrasys_v1_excel.html): negocios@partnertech.pe
2026-03-12 09:35:01,342 - INFO - --- PROCESO FINALIZADO ---
2026-03-12 14:44:04,713 - INFO - Archivo cargado: Correos.xlsx
2026-03-12 14:47:03,978 - INFO - --- INICIANDO PRUEBAS PARA: negocios@partnertech.pe ---
2026-03-12 14:47:05,529 - INFO - Prueba clinic_mentor/correo_clinic_mentor_v1_rentabilidad.html: OK
2026-03-12 14:47:05,529 - INFO - --- PRUEBAS FINALIZADAS ---
2026-03-12 14:48:47,937 - INFO - --- INICIANDO PRUEBAS PARA: negocios@partnertech.pe ---
2026-03-12 14:48:49,373 - INFO - Prueba clinic_mentor/correo_clinic_mentor_v1_rentabilidad.html: OK
2026-03-12 14:48:49,374 - INFO - --- PRUEBAS FINALIZADAS ---
2026-03-12 14:49:27,772 - INFO - --- INICIANDO PRUEBAS PARA: negocios@partnertech.pe ---
2026-03-12 14:49:29,167 - INFO - Prueba clinic_mentor/correo_clinic_mentor_v1_rentabilidad.html: OK
2026-03-12 14:49:29,167 - INFO - --- PRUEBAS FINALIZADAS ---
2026-03-12 14:53:37,734 - INFO - --- INICIANDO PRUEBAS PARA: negocios@partnertech.pe ---
2026-03-12 14:53:39,062 - INFO - Prueba clinic_mentor/correo_clinic_mentor_v1_rentabilidad.html: OK
2026-03-12 14:53:39,063 - INFO - --- PRUEBAS FINALIZADAS ---
2026-03-12 14:57:00,800 - INFO - --- INICIANDO PRUEBAS PARA: negocios@partnertech.pe ---
2026-03-12 14:57:02,239 - INFO - Prueba clinic_mentor/correo_clinic_mentor_v1_rentabilidad.html: OK
2026-03-12 14:57:02,240 - INFO - --- PRUEBAS FINALIZADAS ---
2026-03-12 15:03:42,287 - INFO - --- INICIANDO PRUEBAS PARA: negocios@partnertech.pe ---
2026-03-12 15:03:43,792 - INFO - Prueba clinic_mentor/correo_clinic_mentor_v1_rentabilidad.html: OK
2026-03-12 15:03:43,794 - INFO - Esperando 13.88s para siguiente prueba...
2026-03-12 15:03:59,118 - INFO - Prueba clinic_mentor/correo_clinic_mentor_v7_branding.html: OK
2026-03-12 15:03:59,120 - INFO - --- PRUEBAS FINALIZADAS ---
2026-03-12 15:20:43,058 - INFO - --- INICIANDO PRUEBAS PARA: negocios@partnertech.pe ---
2026-03-12 15:20:46,075 - INFO - Prueba clinic_mentor/correo_clinic_mentor_v1_rentabilidad.html: OK
2026-03-12 15:20:46,076 - INFO - --- PRUEBAS FINALIZADAS ---
2026-03-12 15:24:06,016 - INFO - --- INICIANDO PRUEBAS PARA: negocios@partnertech.pe ---
2026-03-12 15:24:07,399 - INFO - Prueba clinic_mentor/correo_clinic_mentor_v1_rentabilidad.html: OK
2026-03-12 15:24:07,400 - INFO - --- PRUEBAS FINALIZADAS ---
2026-03-12 15:29:56,610 - INFO - --- INICIANDO PRUEBAS PARA: negocios@partnertech.pe ---
2026-03-12 15:29:58,054 - INFO - Prueba clinic_mentor/correo_clinic_mentor_v1_rentabilidad.html: OK
2026-03-12 15:29:58,057 - INFO - --- PRUEBAS FINALIZADAS ---
2026-03-12 15:32:51,500 - INFO - --- INICIANDO PRUEBAS PARA: negocios@partnertech.pe ---
2026-03-12 15:32:52,965 - INFO - Prueba clinic_mentor/correo_clinic_mentor_v1_rentabilidad.html: OK
2026-03-12 15:32:52,967 - INFO - --- PRUEBAS FINALIZADAS ---
2026-03-12 15:38:29,059 - INFO - --- INICIANDO PRUEBAS PARA: negocios@partnertech.pe ---
2026-03-12 15:38:30,435 - INFO - Prueba clinic_mentor/correo_clinic_mentor_v1_rentabilidad.html: OK
2026-03-12 15:38:30,436 - INFO - --- PRUEBAS FINALIZADAS ---
2026-03-12 15:54:05,508 - INFO - --- INICIANDO PRUEBAS PARA: negocios@partnertech.pe ---
2026-03-12 15:54:06,892 - INFO - Prueba clinic_mentor/correo_clinic_mentor_v1_rentabilidad.html: OK
2026-03-12 15:54:06,893 - INFO - --- PRUEBAS FINALIZADAS ---
2026-03-12 15:57:28,712 - INFO - --- INICIANDO PRUEBAS PARA: negocios@partnertech.pe ---
2026-03-12 15:57:30,164 - INFO - Prueba clinic_mentor/correo_clinic_mentor_v1_rentabilidad.html: OK
2026-03-12 15:57:30,166 - INFO - --- PRUEBAS FINALIZADAS ---
2026-03-12 16:00:08,902 - INFO - --- INICIANDO PRUEBAS PARA: negocios@partnertech.pe ---
2026-03-12 16:00:10,349 - INFO - Prueba clinic_mentor/correo_clinic_mentor_v1_rentabilidad.html: OK
2026-03-12 16:00:10,355 - INFO - --- PRUEBAS FINALIZADAS ---
2026-03-12 16:03:42,058 - INFO - --- INICIANDO PRUEBAS PARA: negocios@partnertech.pe ---
2026-03-12 16:03:45,156 - INFO - Prueba clinic_mentor/correo_clinic_mentor_v1_rentabilidad.html: OK
2026-03-12 16:03:45,157 - INFO - --- PRUEBAS FINALIZADAS ---
2026-03-12 16:11:37,067 - INFO - --- INICIANDO PRUEBAS PARA: negocios@partnertech.pe ---
2026-03-12 16:11:38,421 - INFO - Prueba clinic_mentor/correo_clinic_mentor_v1_rentabilidad.html: OK
2026-03-12 16:11:38,422 - INFO - --- PRUEBAS FINALIZADAS ---
2026-03-12 16:15:56,444 - INFO - --- INICIANDO PRUEBAS PARA: negocios@partnertech.pe ---
2026-03-12 16:15:57,800 - INFO - Prueba clinic_mentor/correo_clinic_mentor_v1_rentabilidad.html: OK
2026-03-12 16:15:57,801 - INFO - --- PRUEBAS FINALIZADAS ---
2026-03-12 16:27:07,166 - INFO - --- INICIANDO PRUEBAS PARA: negocios@partnertech.pe ---
2026-03-12 16:27:08,767 - INFO - Prueba clinic_mentor/correo_clinic_mentor_v1_rentabilidad.html: OK
2026-03-12 16:27:08,768 - INFO - --- PRUEBAS FINALIZADAS ---
2026-03-12 16:32:49,830 - INFO - --- INICIANDO PRUEBAS PARA: negocios@partnertech.pe ---
2026-03-12 16:32:51,280 - INFO - Prueba clinic_mentor/correo_clinic_mentor_v1_rentabilidad.html: OK
2026-03-12 16:32:51,283 - INFO - --- PRUEBAS FINALIZADAS ---
2026-03-12 16:47:36,653 - INFO - --- INICIANDO PRUEBAS PARA: negocios@partnertech.pe ---
2026-03-12 16:47:38,201 - INFO - Prueba clinic_mentor/correo_clinic_mentor_v1_rentabilidad.html: OK
2026-03-12 16:47:38,204 - INFO - --- PRUEBAS FINALIZADAS ---
2026-03-12 16:48:15,503 - INFO - --- INICIANDO PRUEBAS PARA: negocios@partnertech.pe ---
2026-03-12 16:48:17,147 - INFO - Prueba clinic_mentor/correo_clinic_mentor_v1_rentabilidad.html: OK
2026-03-12 16:48:17,149 - INFO - --- PRUEBAS FINALIZADAS ---
2026-03-12 16:52:50,109 - INFO - --- INICIANDO PRUEBAS PARA: negocios@partnertech.pe ---
2026-03-12 16:52:51,591 - INFO - Prueba clinic_mentor/correo_clinic_mentor_v1_rentabilidad.html: OK
2026-03-12 16:52:51,592 - INFO - --- PRUEBAS FINALIZADAS ---
2026-03-12 16:54:20,587 - INFO - --- INICIANDO PRUEBAS PARA: negocios@partnertech.pe ---
2026-03-12 16:54:22,047 - INFO - Prueba clinic_mentor/correo_clinic_mentor_v1_rentabilidad.html: OK
2026-03-12 16:54:22,048 - INFO - --- PRUEBAS FINALIZADAS ---
2026-03-12 16:57:17,465 - INFO - --- INICIANDO PRUEBAS PARA: negocios@partnertech.pe ---
2026-03-12 16:57:18,864 - INFO - Prueba clinic_mentor/correo_clinic_mentor_v1_rentabilidad.html: OK
2026-03-12 16:57:18,865 - INFO - --- PRUEBAS FINALIZADAS ---
2026-03-12 16:59:38,598 - INFO - --- INICIANDO PRUEBAS PARA: negocios@partnertech.pe ---
2026-03-12 16:59:40,006 - INFO - Prueba clinic_mentor/correo_clinic_mentor_v1_rentabilidad.html: OK
2026-03-12 16:59:40,006 - INFO - --- PRUEBAS FINALIZADAS ---
